  renderer.cpp
E:\Projects\OpenGL\GravitySimulator\src\rendering\renderer.cpp(136,69): warning C4244: '-=': conversion from 'double' to 'float', possible loss of data
E:\Projects\OpenGL\GravitySimulator\src\rendering\renderer.cpp(506,21): warning C4018: '<': signed/unsigned mismatch
E:\Projects\OpenGL\GravitySimulator\src\rendering\renderer.cpp(507,41): warning C4244: 'argument': conversion from 'double' to 'float', possible loss of data
E:\Projects\OpenGL\GravitySimulator\src\rendering\renderer.cpp(507,33): warning C4244: 'argument': conversion from 'double' to 'float', possible loss of data
E:\Projects\OpenGL\GravitySimulator\src\rendering\renderer.cpp(515,21): warning C4244: 'argument': conversion from 'double' to 'float', possible loss of data
E:\Projects\OpenGL\GravitySimulator\src\rendering\renderer.cpp(515,13): warning C4244: 'argument': conversion from 'double' to 'float', possible loss of data
E:\Projects\OpenGL\GravitySimulator\src\rendering\renderer.cpp(523,21): warning C4244: 'argument': conversion from 'double' to 'float', possible loss of data
E:\Projects\OpenGL\GravitySimulator\src\rendering\renderer.cpp(523,13): warning C4244: 'argument': conversion from 'double' to 'float', possible loss of data
E:\Projects\OpenGL\GravitySimulator\src\rendering\renderer.cpp(531,21): warning C4244: 'argument': conversion from 'double' to 'float', possible loss of data
E:\Projects\OpenGL\GravitySimulator\src\rendering\renderer.cpp(531,13): warning C4244: 'argument': conversion from 'double' to 'float', possible loss of data
E:\Projects\OpenGL\GravitySimulator\src\rendering\renderer.cpp(551,20): warning C4018: '<': signed/unsigned mismatch
E:\Projects\OpenGL\GravitySimulator\src\rendering\renderer.cpp(702,21): warning C4018: '<': signed/unsigned mismatch
E:\Projects\OpenGL\GravitySimulator\src\rendering\renderer.cpp(795,14): warning C4244: 'argument': conversion from 'int' to 'GLfloat', possible loss of data
E:\Projects\OpenGL\GravitySimulator\src\rendering\renderer.cpp(802,23): warning C4244: 'argument': conversion from 'int' to 'GLfloat', possible loss of data
E:\Projects\OpenGL\GravitySimulator\src\rendering\renderer.cpp(813,24): warning C4244: 'argument': conversion from 'int' to 'GLfloat', possible loss of data
E:\Projects\OpenGL\GravitySimulator\src\rendering\renderer.cpp(813,15): warning C4244: 'argument': conversion from 'int' to 'GLfloat', possible loss of data
E:\Projects\OpenGL\GravitySimulator\src\rendering\renderer.cpp(818,24): warning C4244: 'argument': conversion from 'int' to 'GLfloat', possible loss of data
E:\Projects\OpenGL\GravitySimulator\src\rendering\renderer.cpp(818,15): warning C4244: 'argument': conversion from 'int' to 'GLfloat', possible loss of data
E:\Projects\OpenGL\GravitySimulator\src\rendering\renderer.cpp(858,20): warning C4018: '<': signed/unsigned mismatch
E:\Projects\OpenGL\GravitySimulator\src\rendering\renderer.cpp(880,173): warning C4244: 'argument': conversion from 'double' to 'float', possible loss of data
E:\Projects\OpenGL\GravitySimulator\src\rendering\renderer.cpp(880,24): warning C4244: 'argument': conversion from 'double' to 'int', possible loss of data
E:\Projects\OpenGL\GravitySimulator\src\rendering\renderer.cpp(880,16): warning C4244: 'argument': conversion from 'double' to 'int', possible loss of data
LINK : warning LNK4098: defaultlib 'LIBCMT' conflicts with use of other libs; use /NODEFAULTLIB:library
  Generating code
  18 of 1138 functions ( 1.6%) were compiled, the rest were copied from previous compilation.
    1 functions were new in current compilation
    66 functions had inline decision re-evaluated but remain unchanged
  Finished generating code
glew32s.lib(glew.obj) : warning LNK4099: PDB 'vc120.pdb' was not found with 'glew32s.lib(glew.obj)' or at 'E:\Projects\OpenGL\GravitySimulator\Release\vc120.pdb'; linking object as if no debug info
  GravitySimulator.vcxproj -> E:\Projects\OpenGL\GravitySimulator\Release\GravitySimulator.exe
